2015-10-05 13:51:10,142 [Worker-2] INFO  o.e.m.c.i.l.LifecycleMappingFactory - Using org.eclipse.m2e.jdt.JarLifecycleMapping lifecycle mapping for MavenProject: org.brewman:daffodil-java-examples:0.0.1-SNAPSHOT @ C:\Users\Sarang\Documents\Documents\TTU\Fall 15\SVV\Project\EclipseRepo\DFDLProject\pom.xml.
2015-10-05 13:51:11,525 [Worker-2] INFO  o.e.m.j.i.AbstractJavaProjectConfigurator - Adding source folder /DFDLProject/src/main/java
2015-10-05 13:51:11,526 [Worker-2] INFO  o.e.m.j.i.AbstractJavaProjectConfigurator - Adding resource folder /DFDLProject/src/main/resources
2015-10-05 13:51:11,555 [Worker-2] INFO  o.e.m.j.i.AbstractJavaProjectConfigurator - Adding source folder /DFDLProject/src/test/java
2015-10-05 13:51:11,732 [Worker-6] INFO  o.e.m.c.i.l.LifecycleMappingFactory - Using org.eclipse.m2e.jdt.JarLifecycleMapping lifecycle mapping for MavenProject: org.brewman:daffodil-java-examples:0.0.1-SNAPSHOT @ C:\Users\Sarang\Documents\Documents\TTU\Fall 15\SVV\Project\EclipseRepo\DFDLProject\pom.xml.
2015-10-05 13:51:12,422 [Worker-2] INFO  o.e.m.c.i.p.ProjectConfigurationManager - Imported and configured 1 project(s) in 5 sec
2015-10-05 13:51:13,936 [Worker-4] INFO  o.e.m.c.i.l.LifecycleMappingFactory - Using org.eclipse.m2e.jdt.JarLifecycleMapping lifecycle mapping for MavenProject: org.brewman:daffodil-java-examples:0.0.1-SNAPSHOT @ C:\Users\Sarang\Documents\Documents\TTU\Fall 15\SVV\Project\EclipseRepo\DFDLProject\pom.xml.
2015-10-05 13:51:15,198 [Worker-4] INFO  o.e.m.c.i.embedder.EclipseLogger - Using 'UTF-8' encoding to copy filtered resources.
2015-10-05 13:51:15,206 [Worker-4] INFO  o.e.m.c.i.embedder.EclipseLogger - Copying 2 resources
2015-10-05 13:51:15,231 [Worker-4] INFO  o.e.m.c.i.embedder.EclipseLogger - Using 'UTF-8' encoding to copy filtered resources.
2015-10-05 13:51:15,232 [Worker-4] INFO  o.e.m.c.i.embedder.EclipseLogger - skip non existing resourceDirectory C:\Users\Sarang\Documents\Documents\TTU\Fall 15\SVV\Project\EclipseRepo\DFDLProject\src\test\resources
2015-10-05 13:51:46,646 [main] INFO  o.e.m2e.actions.ExecutePomAction - Creating new launch configuration
2015-10-05 13:51:59,169 [Worker-5] INFO  o.e.m.i.launch.MavenLaunchDelegate - C:\Users\Sarang\Documents\Documents\TTU\Fall 15\SVV\Project\EclipseRepo\DFDLProject
2015-10-05 13:51:59,170 [Worker-5] INFO  o.e.m.i.launch.MavenLaunchDelegate -  mvn  -B validate
2015-10-05 13:52:15,946 [main] INFO  o.e.m2e.actions.ExecutePomAction - Creating new launch configuration
2015-10-05 13:52:25,367 [Worker-2] INFO  o.e.m.i.launch.MavenLaunchDelegate - C:\Users\Sarang\Documents\Documents\TTU\Fall 15\SVV\Project\EclipseRepo\DFDLProject
2015-10-05 13:52:25,367 [Worker-2] INFO  o.e.m.i.launch.MavenLaunchDelegate -  mvn  -B compile
2015-10-05 13:52:40,355 [main] INFO  o.e.m2e.actions.ExecutePomAction - Creating new launch configuration
2015-10-05 13:52:48,792 [Worker-1] INFO  o.e.m.i.launch.MavenLaunchDelegate - C:\Users\Sarang\Documents\Documents\TTU\Fall 15\SVV\Project\EclipseRepo\DFDLProject
2015-10-05 13:52:48,792 [Worker-1] INFO  o.e.m.i.launch.MavenLaunchDelegate -  mvn  -B test
2015-10-05 13:53:18,593 [Worker-3] INFO  o.e.m.c.i.embedder.EclipseLogger - Using 'UTF-8' encoding to copy filtered resources.
2015-10-05 13:53:18,596 [Worker-3] INFO  o.e.m.c.i.embedder.EclipseLogger - Copying 0 resource
2015-10-05 13:53:18,599 [Worker-3] INFO  o.e.m.c.i.embedder.EclipseLogger - Using 'UTF-8' encoding to copy filtered resources.
2015-10-05 13:53:18,599 [Worker-3] INFO  o.e.m.c.i.embedder.EclipseLogger - skip non existing resourceDirectory C:\Users\Sarang\Documents\Documents\TTU\Fall 15\SVV\Project\EclipseRepo\DFDLProject\src\test\resources
2015-10-05 22:59:31,998 [Worker-2] INFO  o.e.m.c.i.embedder.EclipseLogger - Using 'UTF-8' encoding to copy filtered resources.
2015-10-05 22:59:32,019 [Worker-2] INFO  o.e.m.c.i.embedder.EclipseLogger - Copying 2 resources
2015-10-05 22:59:32,028 [Worker-2] INFO  o.e.m.c.i.embedder.EclipseLogger - Using 'UTF-8' encoding to copy filtered resources.
2015-10-05 22:59:32,028 [Worker-2] INFO  o.e.m.c.i.embedder.EclipseLogger - skip non existing resourceDirectory C:\Users\Sarang\Documents\Documents\TTU\Fall 15\SVV\Project\EclipseRepo\DFDLProject\src\test\resources
2015-10-05 22:59:33,908 [Worker-4] INFO  o.e.m.c.i.embedder.EclipseLogger - Using 'UTF-8' encoding to copy filtered resources.
2015-10-05 22:59:33,917 [Worker-4] INFO  o.e.m.c.i.embedder.EclipseLogger - Copying 2 resources
2015-10-05 22:59:33,920 [Worker-4] INFO  o.e.m.c.i.embedder.EclipseLogger - Using 'UTF-8' encoding to copy filtered resources.
2015-10-05 22:59:33,920 [Worker-4] INFO  o.e.m.c.i.embedder.EclipseLogger - skip non existing resourceDirectory C:\Users\Sarang\Documents\Documents\TTU\Fall 15\SVV\Project\EclipseRepo\DFDLProject\src\test\resources
2015-10-05 23:00:05,420 [Worker-4] INFO  o.e.m.c.i.embedder.EclipseLogger - Using 'UTF-8' encoding to copy filtered resources.
2015-10-05 23:00:05,425 [Worker-4] INFO  o.e.m.c.i.embedder.EclipseLogger - Copying 2 resources
2015-10-05 23:00:05,429 [Worker-4] INFO  o.e.m.c.i.embedder.EclipseLogger - Using 'UTF-8' encoding to copy filtered resources.
2015-10-05 23:00:05,429 [Worker-4] INFO  o.e.m.c.i.embedder.EclipseLogger - skip non existing resourceDirectory C:\Users\Sarang\Documents\Documents\TTU\Fall 15\SVV\Project\EclipseRepo\DFDLProject\src\test\resources
2015-10-05 23:00:21,563 [Worker-2] INFO  o.e.m.c.i.embedder.EclipseLogger - Using 'UTF-8' encoding to copy filtered resources.
2015-10-05 23:00:21,569 [Worker-2] INFO  o.e.m.c.i.embedder.EclipseLogger - Copying 2 resources
2015-10-05 23:00:21,572 [Worker-2] INFO  o.e.m.c.i.embedder.EclipseLogger - Using 'UTF-8' encoding to copy filtered resources.
2015-10-05 23:00:21,573 [Worker-2] INFO  o.e.m.c.i.embedder.EclipseLogger - skip non existing resourceDirectory C:\Users\Sarang\Documents\Documents\TTU\Fall 15\SVV\Project\EclipseRepo\DFDLProject\src\test\resources
2015-10-05 23:00:27,573 [Worker-4] INFO  o.e.m.c.i.embedder.EclipseLogger - Using 'UTF-8' encoding to copy filtered resources.
2015-10-05 23:00:27,579 [Worker-4] INFO  o.e.m.c.i.embedder.EclipseLogger - Copying 2 resources
2015-10-05 23:00:27,583 [Worker-4] INFO  o.e.m.c.i.embedder.EclipseLogger - Using 'UTF-8' encoding to copy filtered resources.
2015-10-05 23:00:27,583 [Worker-4] INFO  o.e.m.c.i.embedder.EclipseLogger - skip non existing resourceDirectory C:\Users\Sarang\Documents\Documents\TTU\Fall 15\SVV\Project\EclipseRepo\DFDLProject\src\test\resources
2015-10-05 23:01:56,162 [Worker-3] INFO  o.e.m.c.i.embedder.EclipseLogger - Using 'UTF-8' encoding to copy filtered resources.
2015-10-05 23:01:56,169 [Worker-3] INFO  o.e.m.c.i.embedder.EclipseLogger - Copying 2 resources
2015-10-05 23:01:56,174 [Worker-3] INFO  o.e.m.c.i.embedder.EclipseLogger - Using 'UTF-8' encoding to copy filtered resources.
2015-10-05 23:01:56,174 [Worker-3] INFO  o.e.m.c.i.embedder.EclipseLogger - skip non existing resourceDirectory C:\Users\Sarang\Documents\Documents\TTU\Fall 15\SVV\Project\EclipseRepo\DFDLProject\src\test\resources
2015-10-05 23:02:11,008 [Worker-6] INFO  o.e.m.c.i.embedder.EclipseLogger - Using 'UTF-8' encoding to copy filtered resources.
2015-10-05 23:02:11,014 [Worker-6] INFO  o.e.m.c.i.embedder.EclipseLogger - Copying 2 resources
2015-10-05 23:02:11,018 [Worker-6] INFO  o.e.m.c.i.embedder.EclipseLogger - Using 'UTF-8' encoding to copy filtered resources.
2015-10-05 23:02:11,019 [Worker-6] INFO  o.e.m.c.i.embedder.EclipseLogger - skip non existing resourceDirectory C:\Users\Sarang\Documents\Documents\TTU\Fall 15\SVV\Project\EclipseRepo\DFDLProject\src\test\resources
2015-10-05 23:02:33,971 [Worker-6] INFO  o.e.m.c.i.embedder.EclipseLogger - Using 'UTF-8' encoding to copy filtered resources.
2015-10-05 23:02:33,975 [Worker-6] INFO  o.e.m.c.i.embedder.EclipseLogger - Copying 2 resources
2015-10-05 23:02:33,979 [Worker-6] INFO  o.e.m.c.i.embedder.EclipseLogger - Using 'UTF-8' encoding to copy filtered resources.
2015-10-05 23:02:33,979 [Worker-6] INFO  o.e.m.c.i.embedder.EclipseLogger - skip non existing resourceDirectory C:\Users\Sarang\Documents\Documents\TTU\Fall 15\SVV\Project\EclipseRepo\DFDLProject\src\test\resources
2015-10-05 23:02:42,277 [Worker-2] INFO  o.e.m.c.i.embedder.EclipseLogger - Using 'UTF-8' encoding to copy filtered resources.
2015-10-05 23:02:42,285 [Worker-2] INFO  o.e.m.c.i.embedder.EclipseLogger - Copying 2 resources
2015-10-05 23:02:42,288 [Worker-2] INFO  o.e.m.c.i.embedder.EclipseLogger - Using 'UTF-8' encoding to copy filtered resources.
2015-10-05 23:02:42,289 [Worker-2] INFO  o.e.m.c.i.embedder.EclipseLogger - skip non existing resourceDirectory C:\Users\Sarang\Documents\Documents\TTU\Fall 15\SVV\Project\EclipseRepo\DFDLProject\src\test\resources
2015-10-05 23:08:38,140 [Worker-10] INFO  o.e.m.c.i.embedder.EclipseLogger - Using 'UTF-8' encoding to copy filtered resources.
2015-10-05 23:08:38,151 [Worker-10] INFO  o.e.m.c.i.embedder.EclipseLogger - Copying 2 resources
2015-10-05 23:08:38,159 [Worker-10] INFO  o.e.m.c.i.embedder.EclipseLogger - Using 'UTF-8' encoding to copy filtered resources.
2015-10-05 23:08:38,160 [Worker-10] INFO  o.e.m.c.i.embedder.EclipseLogger - skip non existing resourceDirectory C:\Users\Sarang\Documents\Documents\TTU\Fall 15\SVV\Project\EclipseRepo\DFDLProject\src\test\resources
2015-10-05 23:08:41,826 [Worker-1] INFO  o.e.m.c.i.embedder.EclipseLogger - Using 'UTF-8' encoding to copy filtered resources.
2015-10-05 23:08:41,836 [Worker-1] INFO  o.e.m.c.i.embedder.EclipseLogger - Copying 2 resources
2015-10-05 23:08:41,842 [Worker-1] INFO  o.e.m.c.i.embedder.EclipseLogger - Using 'UTF-8' encoding to copy filtered resources.
2015-10-05 23:08:41,842 [Worker-1] INFO  o.e.m.c.i.embedder.EclipseLogger - skip non existing resourceDirectory C:\Users\Sarang\Documents\Documents\TTU\Fall 15\SVV\Project\EclipseRepo\DFDLProject\src\test\resources
2015-10-05 23:09:26,169 [Worker-10] INFO  o.e.m.c.i.embedder.EclipseLogger - Using 'UTF-8' encoding to copy filtered resources.
2015-10-05 23:09:26,182 [Worker-10] INFO  o.e.m.c.i.embedder.EclipseLogger - Copying 2 resources
2015-10-05 23:09:26,189 [Worker-10] INFO  o.e.m.c.i.embedder.EclipseLogger - Using 'UTF-8' encoding to copy filtered resources.
2015-10-05 23:09:26,189 [Worker-10] INFO  o.e.m.c.i.embedder.EclipseLogger - skip non existing resourceDirectory C:\Users\Sarang\Documents\Documents\TTU\Fall 15\SVV\Project\EclipseRepo\DFDLProject\src\test\resources
2015-10-05 23:09:41,043 [Worker-3] INFO  o.e.m.c.i.embedder.EclipseLogger - Using 'UTF-8' encoding to copy filtered resources.
2015-10-05 23:09:41,054 [Worker-3] INFO  o.e.m.c.i.embedder.EclipseLogger - Copying 2 resources
2015-10-05 23:09:41,061 [Worker-3] INFO  o.e.m.c.i.embedder.EclipseLogger - Using 'UTF-8' encoding to copy filtered resources.
2015-10-05 23:09:41,063 [Worker-3] INFO  o.e.m.c.i.embedder.EclipseLogger - skip non existing resourceDirectory C:\Users\Sarang\Documents\Documents\TTU\Fall 15\SVV\Project\EclipseRepo\DFDLProject\src\test\resources
2015-10-05 23:09:43,973 [Worker-1] INFO  o.e.m.c.i.embedder.EclipseLogger - Using 'UTF-8' encoding to copy filtered resources.
2015-10-05 23:09:43,987 [Worker-1] INFO  o.e.m.c.i.embedder.EclipseLogger - Copying 2 resources
2015-10-05 23:09:43,994 [Worker-1] INFO  o.e.m.c.i.embedder.EclipseLogger - Using 'UTF-8' encoding to copy filtered resources.
2015-10-05 23:09:43,995 [Worker-1] INFO  o.e.m.c.i.embedder.EclipseLogger - skip non existing resourceDirectory C:\Users\Sarang\Documents\Documents\TTU\Fall 15\SVV\Project\EclipseRepo\DFDLProject\src\test\resources
2015-10-05 23:10:03,222 [Worker-3] INFO  o.e.m.c.i.embedder.EclipseLogger - Using 'UTF-8' encoding to copy filtered resources.
2015-10-05 23:10:03,231 [Worker-3] INFO  o.e.m.c.i.embedder.EclipseLogger - Copying 2 resources
2015-10-05 23:10:03,236 [Worker-3] INFO  o.e.m.c.i.embedder.EclipseLogger - Using 'UTF-8' encoding to copy filtered resources.
2015-10-05 23:10:03,237 [Worker-3] INFO  o.e.m.c.i.embedder.EclipseLogger - skip non existing resourceDirectory C:\Users\Sarang\Documents\Documents\TTU\Fall 15\SVV\Project\EclipseRepo\DFDLProject\src\test\resources
2015-10-05 23:11:22,251 [Worker-11] INFO  o.e.m.c.i.embedder.EclipseLogger - Using 'UTF-8' encoding to copy filtered resources.
2015-10-05 23:11:22,264 [Worker-11] INFO  o.e.m.c.i.embedder.EclipseLogger - Copying 2 resources
2015-10-05 23:11:22,274 [Worker-11] INFO  o.e.m.c.i.embedder.EclipseLogger - Using 'UTF-8' encoding to copy filtered resources.
2015-10-05 23:11:22,274 [Worker-11] INFO  o.e.m.c.i.embedder.EclipseLogger - skip non existing resourceDirectory C:\Users\Sarang\Documents\Documents\TTU\Fall 15\SVV\Project\EclipseRepo\DFDLProject\src\test\resources
2015-10-05 23:12:11,509 [Worker-10] INFO  o.e.m.c.i.embedder.EclipseLogger - Using 'UTF-8' encoding to copy filtered resources.
2015-10-05 23:12:11,522 [Worker-10] INFO  o.e.m.c.i.embedder.EclipseLogger - Copying 2 resources
2015-10-05 23:12:11,530 [Worker-10] INFO  o.e.m.c.i.embedder.EclipseLogger - Using 'UTF-8' encoding to copy filtered resources.
2015-10-05 23:12:11,531 [Worker-10] INFO  o.e.m.c.i.embedder.EclipseLogger - skip non existing resourceDirectory C:\Users\Sarang\Documents\Documents\TTU\Fall 15\SVV\Project\EclipseRepo\DFDLProject\src\test\resources
2015-10-05 23:12:30,285 [Worker-11] INFO  o.e.m.c.i.embedder.EclipseLogger - Using 'UTF-8' encoding to copy filtered resources.
2015-10-05 23:12:30,297 [Worker-11] INFO  o.e.m.c.i.embedder.EclipseLogger - Copying 2 resources
2015-10-05 23:12:30,305 [Worker-11] INFO  o.e.m.c.i.embedder.EclipseLogger - Using 'UTF-8' encoding to copy filtered resources.
2015-10-05 23:12:30,306 [Worker-11] INFO  o.e.m.c.i.embedder.EclipseLogger - skip non existing resourceDirectory C:\Users\Sarang\Documents\Documents\TTU\Fall 15\SVV\Project\EclipseRepo\DFDLProject\src\test\resources
2015-10-05 23:12:38,200 [Worker-14] INFO  o.e.m.c.i.embedder.EclipseLogger - Using 'UTF-8' encoding to copy filtered resources.
2015-10-05 23:12:38,211 [Worker-14] INFO  o.e.m.c.i.embedder.EclipseLogger - Copying 2 resources
2015-10-05 23:12:38,223 [Worker-14] INFO  o.e.m.c.i.embedder.EclipseLogger - Using 'UTF-8' encoding to copy filtered resources.
2015-10-05 23:12:38,224 [Worker-14] INFO  o.e.m.c.i.embedder.EclipseLogger - skip non existing resourceDirectory C:\Users\Sarang\Documents\Documents\TTU\Fall 15\SVV\Project\EclipseRepo\DFDLProject\src\test\resources
2015-10-05 23:12:44,549 [Worker-3] INFO  o.e.m.c.i.embedder.EclipseLogger - Using 'UTF-8' encoding to copy filtered resources.
2015-10-05 23:12:44,565 [Worker-3] INFO  o.e.m.c.i.embedder.EclipseLogger - Copying 2 resources
2015-10-05 23:12:44,575 [Worker-3] INFO  o.e.m.c.i.embedder.EclipseLogger - Using 'UTF-8' encoding to copy filtered resources.
2015-10-05 23:12:44,576 [Worker-3] INFO  o.e.m.c.i.embedder.EclipseLogger - skip non existing resourceDirectory C:\Users\Sarang\Documents\Documents\TTU\Fall 15\SVV\Project\EclipseRepo\DFDLProject\src\test\resources
2015-10-05 23:13:05,290 [Worker-12] INFO  o.e.m.c.i.embedder.EclipseLogger - Using 'UTF-8' encoding to copy filtered resources.
2015-10-05 23:13:05,299 [Worker-12] INFO  o.e.m.c.i.embedder.EclipseLogger - Copying 2 resources
2015-10-05 23:13:05,303 [Worker-12] INFO  o.e.m.c.i.embedder.EclipseLogger - Using 'UTF-8' encoding to copy filtered resources.
2015-10-05 23:13:05,304 [Worker-12] INFO  o.e.m.c.i.embedder.EclipseLogger - skip non existing resourceDirectory C:\Users\Sarang\Documents\Documents\TTU\Fall 15\SVV\Project\EclipseRepo\DFDLProject\src\test\resources
2015-10-05 23:16:44,484 [Worker-15] INFO  o.e.m.c.i.embedder.EclipseLogger - Using 'UTF-8' encoding to copy filtered resources.
2015-10-05 23:16:44,498 [Worker-15] INFO  o.e.m.c.i.embedder.EclipseLogger - Copying 2 resources
2015-10-05 23:16:44,504 [Worker-15] INFO  o.e.m.c.i.embedder.EclipseLogger - Using 'UTF-8' encoding to copy filtered resources.
2015-10-05 23:16:44,504 [Worker-15] INFO  o.e.m.c.i.embedder.EclipseLogger - skip non existing resourceDirectory C:\Users\Sarang\Documents\Documents\TTU\Fall 15\SVV\Project\EclipseRepo\DFDLProject\src\test\resources
2015-10-05 23:16:48,281 [Worker-13] INFO  o.e.m.c.i.embedder.EclipseLogger - Using 'UTF-8' encoding to copy filtered resources.
2015-10-05 23:16:48,295 [Worker-13] INFO  o.e.m.c.i.embedder.EclipseLogger - Copying 2 resources
2015-10-05 23:16:48,300 [Worker-13] INFO  o.e.m.c.i.embedder.EclipseLogger - Using 'UTF-8' encoding to copy filtered resources.
2015-10-05 23:16:48,301 [Worker-13] INFO  o.e.m.c.i.embedder.EclipseLogger - skip non existing resourceDirectory C:\Users\Sarang\Documents\Documents\TTU\Fall 15\SVV\Project\EclipseRepo\DFDLProject\src\test\resources
2015-10-05 23:19:00,989 [Worker-15] INFO  o.e.m.c.i.embedder.EclipseLogger - Using 'UTF-8' encoding to copy filtered resources.
2015-10-05 23:19:01,005 [Worker-15] INFO  o.e.m.c.i.embedder.EclipseLogger - Copying 2 resources
2015-10-05 23:19:01,014 [Worker-15] INFO  o.e.m.c.i.embedder.EclipseLogger - Using 'UTF-8' encoding to copy filtered resources.
2015-10-05 23:19:01,045 [Worker-15] INFO  o.e.m.c.i.embedder.EclipseLogger - skip non existing resourceDirectory C:\Users\Sarang\Documents\Documents\TTU\Fall 15\SVV\Project\EclipseRepo\DFDLProject\src\test\resources
2015-10-05 23:19:57,316 [Worker-12] INFO  o.e.m.c.i.embedder.EclipseLogger - Using 'UTF-8' encoding to copy filtered resources.
2015-10-05 23:19:57,331 [Worker-12] INFO  o.e.m.c.i.embedder.EclipseLogger - Copying 2 resources
2015-10-05 23:19:57,338 [Worker-12] INFO  o.e.m.c.i.embedder.EclipseLogger - Using 'UTF-8' encoding to copy filtered resources.
2015-10-05 23:19:57,339 [Worker-12] INFO  o.e.m.c.i.embedder.EclipseLogger - skip non existing resourceDirectory C:\Users\Sarang\Documents\Documents\TTU\Fall 15\SVV\Project\EclipseRepo\DFDLProject\src\test\resources
2015-10-05 23:20:16,770 [Worker-3] INFO  o.e.m.c.i.embedder.EclipseLogger - Using 'UTF-8' encoding to copy filtered resources.
2015-10-05 23:20:16,784 [Worker-3] INFO  o.e.m.c.i.embedder.EclipseLogger - Copying 2 resources
2015-10-05 23:20:16,790 [Worker-3] INFO  o.e.m.c.i.embedder.EclipseLogger - Using 'UTF-8' encoding to copy filtered resources.
2015-10-05 23:20:16,790 [Worker-3] INFO  o.e.m.c.i.embedder.EclipseLogger - skip non existing resourceDirectory C:\Users\Sarang\Documents\Documents\TTU\Fall 15\SVV\Project\EclipseRepo\DFDLProject\src\test\resources
2015-10-05 23:20:33,998 [Worker-10] INFO  o.e.m.c.i.embedder.EclipseLogger - Using 'UTF-8' encoding to copy filtered resources.
2015-10-05 23:20:34,011 [Worker-10] INFO  o.e.m.c.i.embedder.EclipseLogger - Copying 2 resources
2015-10-05 23:20:34,019 [Worker-10] INFO  o.e.m.c.i.embedder.EclipseLogger - Using 'UTF-8' encoding to copy filtered resources.
2015-10-05 23:20:34,020 [Worker-10] INFO  o.e.m.c.i.embedder.EclipseLogger - skip non existing resourceDirectory C:\Users\Sarang\Documents\Documents\TTU\Fall 15\SVV\Project\EclipseRepo\DFDLProject\src\test\resources
2015-10-05 23:21:05,285 [Worker-14] INFO  o.e.m.c.i.embedder.EclipseLogger - Using 'UTF-8' encoding to copy filtered resources.
2015-10-05 23:21:05,296 [Worker-14] INFO  o.e.m.c.i.embedder.EclipseLogger - Copying 2 resources
2015-10-05 23:21:05,303 [Worker-14] INFO  o.e.m.c.i.embedder.EclipseLogger - Using 'UTF-8' encoding to copy filtered resources.
2015-10-05 23:21:05,303 [Worker-14] INFO  o.e.m.c.i.embedder.EclipseLogger - skip non existing resourceDirectory C:\Users\Sarang\Documents\Documents\TTU\Fall 15\SVV\Project\EclipseRepo\DFDLProject\src\test\resources
2015-10-05 23:21:20,578 [Worker-3] INFO  o.e.m.c.i.embedder.EclipseLogger - Using 'UTF-8' encoding to copy filtered resources.
2015-10-05 23:21:20,587 [Worker-3] INFO  o.e.m.c.i.embedder.EclipseLogger - Copying 2 resources
2015-10-05 23:21:20,592 [Worker-3] INFO  o.e.m.c.i.embedder.EclipseLogger - Using 'UTF-8' encoding to copy filtered resources.
2015-10-05 23:21:20,592 [Worker-3] INFO  o.e.m.c.i.embedder.EclipseLogger - skip non existing resourceDirectory C:\Users\Sarang\Documents\Documents\TTU\Fall 15\SVV\Project\EclipseRepo\DFDLProject\src\test\resources
2015-10-05 23:22:09,967 [Worker-15] INFO  o.e.m.c.i.embedder.EclipseLogger - Using 'UTF-8' encoding to copy filtered resources.
2015-10-05 23:22:09,969 [Worker-15] INFO  o.e.m.c.i.embedder.EclipseLogger - Copying 0 resource
2015-10-05 23:22:09,974 [Worker-15] INFO  o.e.m.c.i.embedder.EclipseLogger - Using 'UTF-8' encoding to copy filtered resources.
2015-10-05 23:22:09,975 [Worker-15] INFO  o.e.m.c.i.embedder.EclipseLogger - skip non existing resourceDirectory C:\Users\Sarang\Documents\Documents\TTU\Fall 15\SVV\Project\EclipseRepo\DFDLProject\src\test\resources
2015-10-05 23:23:30,659 [Worker-3] INFO  o.e.m.c.i.embedder.EclipseLogger - Using 'UTF-8' encoding to copy filtered resources.
2015-10-05 23:23:30,669 [Worker-3] INFO  o.e.m.c.i.embedder.EclipseLogger - Copying 2 resources
2015-10-05 23:23:30,674 [Worker-3] INFO  o.e.m.c.i.embedder.EclipseLogger - Using 'UTF-8' encoding to copy filtered resources.
2015-10-05 23:23:30,675 [Worker-3] INFO  o.e.m.c.i.embedder.EclipseLogger - skip non existing resourceDirectory C:\Users\Sarang\Documents\Documents\TTU\Fall 15\SVV\Project\EclipseRepo\DFDLProject\src\test\resources
2015-10-05 23:23:52,685 [Worker-14] INFO  o.e.m.c.i.embedder.EclipseLogger - Using 'UTF-8' encoding to copy filtered resources.
2015-10-05 23:23:52,698 [Worker-14] INFO  o.e.m.c.i.embedder.EclipseLogger - Copying 2 resources
2015-10-05 23:23:52,704 [Worker-14] INFO  o.e.m.c.i.embedder.EclipseLogger - Using 'UTF-8' encoding to copy filtered resources.
2015-10-05 23:23:52,705 [Worker-14] INFO  o.e.m.c.i.embedder.EclipseLogger - skip non existing resourceDirectory C:\Users\Sarang\Documents\Documents\TTU\Fall 15\SVV\Project\EclipseRepo\DFDLProject\src\test\resources
2015-10-05 23:28:55,649 [Worker-12] INFO  o.e.m.c.i.embedder.EclipseLogger - Using 'UTF-8' encoding to copy filtered resources.
2015-10-05 23:28:55,659 [Worker-12] INFO  o.e.m.c.i.embedder.EclipseLogger - Copying 2 resources
2015-10-05 23:28:55,664 [Worker-12] INFO  o.e.m.c.i.embedder.EclipseLogger - Using 'UTF-8' encoding to copy filtered resources.
2015-10-05 23:28:55,665 [Worker-12] INFO  o.e.m.c.i.embedder.EclipseLogger - skip non existing resourceDirectory C:\Users\Sarang\Documents\Documents\TTU\Fall 15\SVV\Project\EclipseRepo\DFDLProject\src\test\resources
2015-10-05 23:29:24,310 [Worker-17] INFO  o.e.m.c.i.embedder.EclipseLogger - Using 'UTF-8' encoding to copy filtered resources.
2015-10-05 23:29:24,323 [Worker-17] INFO  o.e.m.c.i.embedder.EclipseLogger - Copying 2 resources
2015-10-05 23:29:24,329 [Worker-17] INFO  o.e.m.c.i.embedder.EclipseLogger - Using 'UTF-8' encoding to copy filtered resources.
2015-10-05 23:29:24,330 [Worker-17] INFO  o.e.m.c.i.embedder.EclipseLogger - skip non existing resourceDirectory C:\Users\Sarang\Documents\Documents\TTU\Fall 15\SVV\Project\EclipseRepo\DFDLProject\src\test\resources
2015-10-05 23:30:12,606 [Worker-17] INFO  o.e.m.c.i.embedder.EclipseLogger - Using 'UTF-8' encoding to copy filtered resources.
2015-10-05 23:30:12,617 [Worker-17] INFO  o.e.m.c.i.embedder.EclipseLogger - Copying 2 resources
2015-10-05 23:30:12,623 [Worker-17] INFO  o.e.m.c.i.embedder.EclipseLogger - Using 'UTF-8' encoding to copy filtered resources.
2015-10-05 23:30:12,624 [Worker-17] INFO  o.e.m.c.i.embedder.EclipseLogger - skip non existing resourceDirectory C:\Users\Sarang\Documents\Documents\TTU\Fall 15\SVV\Project\EclipseRepo\DFDLProject\src\test\resources
2015-10-05 23:32:53,971 [Worker-19] INFO  o.e.m.c.i.embedder.EclipseLogger - Using 'UTF-8' encoding to copy filtered resources.
2015-10-05 23:32:53,988 [Worker-19] INFO  o.e.m.c.i.embedder.EclipseLogger - Copying 2 resources
2015-10-05 23:32:53,996 [Worker-19] INFO  o.e.m.c.i.embedder.EclipseLogger - Using 'UTF-8' encoding to copy filtered resources.
2015-10-05 23:32:53,997 [Worker-19] INFO  o.e.m.c.i.embedder.EclipseLogger - skip non existing resourceDirectory C:\Users\Sarang\Documents\Documents\TTU\Fall 15\SVV\Project\EclipseRepo\DFDLProject\src\test\resources
2015-10-05 23:33:35,824 [Worker-19] INFO  o.e.m.c.i.embedder.EclipseLogger - Using 'UTF-8' encoding to copy filtered resources.
2015-10-05 23:33:35,833 [Worker-19] INFO  o.e.m.c.i.embedder.EclipseLogger - Copying 2 resources
2015-10-05 23:33:35,839 [Worker-19] INFO  o.e.m.c.i.embedder.EclipseLogger - Using 'UTF-8' encoding to copy filtered resources.
2015-10-05 23:33:35,840 [Worker-19] INFO  o.e.m.c.i.embedder.EclipseLogger - skip non existing resourceDirectory C:\Users\Sarang\Documents\Documents\TTU\Fall 15\SVV\Project\EclipseRepo\DFDLProject\src\test\resources
2015-10-05 23:33:50,063 [Worker-17] INFO  o.e.m.c.i.embedder.EclipseLogger - Using 'UTF-8' encoding to copy filtered resources.
2015-10-05 23:33:50,077 [Worker-17] INFO  o.e.m.c.i.embedder.EclipseLogger - Copying 2 resources
2015-10-05 23:33:50,084 [Worker-17] INFO  o.e.m.c.i.embedder.EclipseLogger - Using 'UTF-8' encoding to copy filtered resources.
2015-10-05 23:33:50,085 [Worker-17] INFO  o.e.m.c.i.embedder.EclipseLogger - skip non existing resourceDirectory C:\Users\Sarang\Documents\Documents\TTU\Fall 15\SVV\Project\EclipseRepo\DFDLProject\src\test\resources
2015-10-05 23:34:54,563 [Worker-19] INFO  o.e.m.c.i.embedder.EclipseLogger - Using 'UTF-8' encoding to copy filtered resources.
2015-10-05 23:34:54,574 [Worker-19] INFO  o.e.m.c.i.embedder.EclipseLogger - Copying 2 resources
2015-10-05 23:34:54,580 [Worker-19] INFO  o.e.m.c.i.embedder.EclipseLogger - Using 'UTF-8' encoding to copy filtered resources.
2015-10-05 23:34:54,580 [Worker-19] INFO  o.e.m.c.i.embedder.EclipseLogger - skip non existing resourceDirectory C:\Users\Sarang\Documents\Documents\TTU\Fall 15\SVV\Project\EclipseRepo\DFDLProject\src\test\resources
2015-10-05 23:35:17,258 [Worker-20] INFO  o.e.m.c.i.embedder.EclipseLogger - Using 'UTF-8' encoding to copy filtered resources.
2015-10-05 23:35:17,273 [Worker-20] INFO  o.e.m.c.i.embedder.EclipseLogger - Copying 2 resources
2015-10-05 23:35:17,282 [Worker-20] INFO  o.e.m.c.i.embedder.EclipseLogger - Using 'UTF-8' encoding to copy filtered resources.
2015-10-05 23:35:17,283 [Worker-20] INFO  o.e.m.c.i.embedder.EclipseLogger - skip non existing resourceDirectory C:\Users\Sarang\Documents\Documents\TTU\Fall 15\SVV\Project\EclipseRepo\DFDLProject\src\test\resources
2015-10-05 23:35:23,224 [Worker-21] INFO  o.e.m.c.i.embedder.EclipseLogger - Using 'UTF-8' encoding to copy filtered resources.
2015-10-05 23:35:23,240 [Worker-21] INFO  o.e.m.c.i.embedder.EclipseLogger - Copying 2 resources
2015-10-05 23:35:23,248 [Worker-21] INFO  o.e.m.c.i.embedder.EclipseLogger - Using 'UTF-8' encoding to copy filtered resources.
2015-10-05 23:35:23,249 [Worker-21] INFO  o.e.m.c.i.embedder.EclipseLogger - skip non existing resourceDirectory C:\Users\Sarang\Documents\Documents\TTU\Fall 15\SVV\Project\EclipseRepo\DFDLProject\src\test\resources
2015-10-05 23:35:36,159 [Worker-21] INFO  o.e.m.c.i.embedder.EclipseLogger - Using 'UTF-8' encoding to copy filtered resources.
2015-10-05 23:35:36,173 [Worker-21] INFO  o.e.m.c.i.embedder.EclipseLogger - Copying 2 resources
2015-10-05 23:35:36,181 [Worker-21] INFO  o.e.m.c.i.embedder.EclipseLogger - Using 'UTF-8' encoding to copy filtered resources.
2015-10-05 23:35:36,182 [Worker-21] INFO  o.e.m.c.i.embedder.EclipseLogger - skip non existing resourceDirectory C:\Users\Sarang\Documents\Documents\TTU\Fall 15\SVV\Project\EclipseRepo\DFDLProject\src\test\resources
2015-10-05 23:35:38,793 [Worker-19] INFO  o.e.m.c.i.embedder.EclipseLogger - Using 'UTF-8' encoding to copy filtered resources.
2015-10-05 23:35:38,806 [Worker-19] INFO  o.e.m.c.i.embedder.EclipseLogger - Copying 2 resources
2015-10-05 23:35:38,813 [Worker-19] INFO  o.e.m.c.i.embedder.EclipseLogger - Using 'UTF-8' encoding to copy filtered resources.
2015-10-05 23:35:38,814 [Worker-19] INFO  o.e.m.c.i.embedder.EclipseLogger - skip non existing resourceDirectory C:\Users\Sarang\Documents\Documents\TTU\Fall 15\SVV\Project\EclipseRepo\DFDLProject\src\test\resources
2015-10-05 23:36:30,638 [Worker-10] INFO  o.e.m.c.i.embedder.EclipseLogger - Using 'UTF-8' encoding to copy filtered resources.
2015-10-05 23:36:30,652 [Worker-10] INFO  o.e.m.c.i.embedder.EclipseLogger - Copying 2 resources
2015-10-05 23:36:30,658 [Worker-10] INFO  o.e.m.c.i.embedder.EclipseLogger - Using 'UTF-8' encoding to copy filtered resources.
2015-10-05 23:36:30,659 [Worker-10] INFO  o.e.m.c.i.embedder.EclipseLogger - skip non existing resourceDirectory C:\Users\Sarang\Documents\Documents\TTU\Fall 15\SVV\Project\EclipseRepo\DFDLProject\src\test\resources
2015-10-05 23:37:08,163 [Worker-17] INFO  o.e.m.c.i.embedder.EclipseLogger - Using 'UTF-8' encoding to copy filtered resources.
2015-10-05 23:37:08,177 [Worker-17] INFO  o.e.m.c.i.embedder.EclipseLogger - Copying 2 resources
2015-10-05 23:37:08,184 [Worker-17] INFO  o.e.m.c.i.embedder.EclipseLogger - Using 'UTF-8' encoding to copy filtered resources.
2015-10-05 23:37:08,185 [Worker-17] INFO  o.e.m.c.i.embedder.EclipseLogger - skip non existing resourceDirectory C:\Users\Sarang\Documents\Documents\TTU\Fall 15\SVV\Project\EclipseRepo\DFDLProject\src\test\resources
2015-10-05 23:37:30,844 [Worker-22] INFO  o.e.m.c.i.embedder.EclipseLogger - Using 'UTF-8' encoding to copy filtered resources.
2015-10-05 23:37:30,857 [Worker-22] INFO  o.e.m.c.i.embedder.EclipseLogger - Copying 2 resources
2015-10-05 23:37:30,864 [Worker-22] INFO  o.e.m.c.i.embedder.EclipseLogger - Using 'UTF-8' encoding to copy filtered resources.
2015-10-05 23:37:30,864 [Worker-22] INFO  o.e.m.c.i.embedder.EclipseLogger - skip non existing resourceDirectory C:\Users\Sarang\Documents\Documents\TTU\Fall 15\SVV\Project\EclipseRepo\DFDLProject\src\test\resources
2015-10-05 23:37:44,314 [Worker-12] INFO  o.e.m.c.i.embedder.EclipseLogger - Using 'UTF-8' encoding to copy filtered resources.
2015-10-05 23:37:44,323 [Worker-12] INFO  o.e.m.c.i.embedder.EclipseLogger - Copying 2 resources
2015-10-05 23:37:44,328 [Worker-12] INFO  o.e.m.c.i.embedder.EclipseLogger - Using 'UTF-8' encoding to copy filtered resources.
2015-10-05 23:37:44,329 [Worker-12] INFO  o.e.m.c.i.embedder.EclipseLogger - skip non existing resourceDirectory C:\Users\Sarang\Documents\Documents\TTU\Fall 15\SVV\Project\EclipseRepo\DFDLProject\src\test\resources
2015-10-05 23:38:08,863 [Worker-19] INFO  o.e.m.c.i.embedder.EclipseLogger - Using 'UTF-8' encoding to copy filtered resources.
2015-10-05 23:38:08,878 [Worker-19] INFO  o.e.m.c.i.embedder.EclipseLogger - Copying 2 resources
2015-10-05 23:38:08,885 [Worker-19] INFO  o.e.m.c.i.embedder.EclipseLogger - Using 'UTF-8' encoding to copy filtered resources.
2015-10-05 23:38:08,886 [Worker-19] INFO  o.e.m.c.i.embedder.EclipseLogger - skip non existing resourceDirectory C:\Users\Sarang\Documents\Documents\TTU\Fall 15\SVV\Project\EclipseRepo\DFDLProject\src\test\resources
2015-10-05 23:38:43,029 [Worker-20] INFO  o.e.m.c.i.embedder.EclipseLogger - Using 'UTF-8' encoding to copy filtered resources.
2015-10-05 23:38:43,043 [Worker-20] INFO  o.e.m.c.i.embedder.EclipseLogger - Copying 2 resources
2015-10-05 23:38:43,050 [Worker-20] INFO  o.e.m.c.i.embedder.EclipseLogger - Using 'UTF-8' encoding to copy filtered resources.
2015-10-05 23:38:43,051 [Worker-20] INFO  o.e.m.c.i.embedder.EclipseLogger - skip non existing resourceDirectory C:\Users\Sarang\Documents\Documents\TTU\Fall 15\SVV\Project\EclipseRepo\DFDLProject\src\test\resources
2015-10-05 23:38:56,467 [Worker-23] INFO  o.e.m.c.i.embedder.EclipseLogger - Using 'UTF-8' encoding to copy filtered resources.
2015-10-05 23:38:56,482 [Worker-23] INFO  o.e.m.c.i.embedder.EclipseLogger - Copying 2 resources
2015-10-05 23:38:56,490 [Worker-23] INFO  o.e.m.c.i.embedder.EclipseLogger - Using 'UTF-8' encoding to copy filtered resources.
2015-10-05 23:38:56,491 [Worker-23] INFO  o.e.m.c.i.embedder.EclipseLogger - skip non existing resourceDirectory C:\Users\Sarang\Documents\Documents\TTU\Fall 15\SVV\Project\EclipseRepo\DFDLProject\src\test\resources
2015-10-05 23:39:55,753 [Worker-12] INFO  o.e.m.c.i.embedder.EclipseLogger - Using 'UTF-8' encoding to copy filtered resources.
2015-10-05 23:39:55,764 [Worker-12] INFO  o.e.m.c.i.embedder.EclipseLogger - Copying 2 resources
2015-10-05 23:39:55,770 [Worker-12] INFO  o.e.m.c.i.embedder.EclipseLogger - Using 'UTF-8' encoding to copy filtered resources.
2015-10-05 23:39:55,770 [Worker-12] INFO  o.e.m.c.i.embedder.EclipseLogger - skip non existing resourceDirectory C:\Users\Sarang\Documents\Documents\TTU\Fall 15\SVV\Project\EclipseRepo\DFDLProject\src\test\resources
2015-10-05 23:40:17,465 [Worker-20] INFO  o.e.m.c.i.embedder.EclipseLogger - Using 'UTF-8' encoding to copy filtered resources.
2015-10-05 23:40:17,476 [Worker-20] INFO  o.e.m.c.i.embedder.EclipseLogger - Copying 2 resources
2015-10-05 23:40:17,481 [Worker-20] INFO  o.e.m.c.i.embedder.EclipseLogger - Using 'UTF-8' encoding to copy filtered resources.
2015-10-05 23:40:17,482 [Worker-20] INFO  o.e.m.c.i.embedder.EclipseLogger - skip non existing resourceDirectory C:\Users\Sarang\Documents\Documents\TTU\Fall 15\SVV\Project\EclipseRepo\DFDLProject\src\test\resources
2015-10-05 23:40:25,005 [Worker-17] INFO  o.e.m.c.i.embedder.EclipseLogger - Using 'UTF-8' encoding to copy filtered resources.
2015-10-05 23:40:25,014 [Worker-17] INFO  o.e.m.c.i.embedder.EclipseLogger - Copying 2 resources
2015-10-05 23:40:25,018 [Worker-17] INFO  o.e.m.c.i.embedder.EclipseLogger - Using 'UTF-8' encoding to copy filtered resources.
2015-10-05 23:40:25,019 [Worker-17] INFO  o.e.m.c.i.embedder.EclipseLogger - skip non existing resourceDirectory C:\Users\Sarang\Documents\Documents\TTU\Fall 15\SVV\Project\EclipseRepo\DFDLProject\src\test\resources
2015-10-05 23:40:31,406 [Worker-23] INFO  o.e.m.c.i.embedder.EclipseLogger - Using 'UTF-8' encoding to copy filtered resources.
2015-10-05 23:40:31,416 [Worker-23] INFO  o.e.m.c.i.embedder.EclipseLogger - Copying 2 resources
2015-10-05 23:40:31,421 [Worker-23] INFO  o.e.m.c.i.embedder.EclipseLogger - Using 'UTF-8' encoding to copy filtered resources.
2015-10-05 23:40:31,422 [Worker-23] INFO  o.e.m.c.i.embedder.EclipseLogger - skip non existing resourceDirectory C:\Users\Sarang\Documents\Documents\TTU\Fall 15\SVV\Project\EclipseRepo\DFDLProject\src\test\resources
2015-10-05 23:41:51,230 [Worker-12] INFO  o.e.m.c.i.embedder.EclipseLogger - Using 'UTF-8' encoding to copy filtered resources.
2015-10-05 23:41:51,242 [Worker-12] INFO  o.e.m.c.i.embedder.EclipseLogger - Copying 2 resources
2015-10-05 23:41:51,248 [Worker-12] INFO  o.e.m.c.i.embedder.EclipseLogger - Using 'UTF-8' encoding to copy filtered resources.
2015-10-05 23:41:51,249 [Worker-12] INFO  o.e.m.c.i.embedder.EclipseLogger - skip non existing resourceDirectory C:\Users\Sarang\Documents\Documents\TTU\Fall 15\SVV\Project\EclipseRepo\DFDLProject\src\test\resources
2015-10-05 23:42:10,961 [Worker-24] INFO  o.e.m.c.i.embedder.EclipseLogger - Using 'UTF-8' encoding to copy filtered resources.
2015-10-05 23:42:10,971 [Worker-24] INFO  o.e.m.c.i.embedder.EclipseLogger - Copying 2 resources
2015-10-05 23:42:10,978 [Worker-24] INFO  o.e.m.c.i.embedder.EclipseLogger - Using 'UTF-8' encoding to copy filtered resources.
2015-10-05 23:42:10,978 [Worker-24] INFO  o.e.m.c.i.embedder.EclipseLogger - skip non existing resourceDirectory C:\Users\Sarang\Documents\Documents\TTU\Fall 15\SVV\Project\EclipseRepo\DFDLProject\src\test\resources
2015-10-05 23:43:05,565 [Worker-24] INFO  o.e.m.c.i.embedder.EclipseLogger - Using 'UTF-8' encoding to copy filtered resources.
2015-10-05 23:43:05,578 [Worker-24] INFO  o.e.m.c.i.embedder.EclipseLogger - Copying 2 resources
2015-10-05 23:43:05,585 [Worker-24] INFO  o.e.m.c.i.embedder.EclipseLogger - Using 'UTF-8' encoding to copy filtered resources.
2015-10-05 23:43:05,586 [Worker-24] INFO  o.e.m.c.i.embedder.EclipseLogger - skip non existing resourceDirectory C:\Users\Sarang\Documents\Documents\TTU\Fall 15\SVV\Project\EclipseRepo\DFDLProject\src\test\resources
2015-10-05 23:43:13,793 [Worker-19] INFO  o.e.m.c.i.embedder.EclipseLogger - Using 'UTF-8' encoding to copy filtered resources.
2015-10-05 23:43:13,803 [Worker-19] INFO  o.e.m.c.i.embedder.EclipseLogger - Copying 2 resources
2015-10-05 23:43:13,810 [Worker-19] INFO  o.e.m.c.i.embedder.EclipseLogger - Using 'UTF-8' encoding to copy filtered resources.
2015-10-05 23:43:13,811 [Worker-19] INFO  o.e.m.c.i.embedder.EclipseLogger - skip non existing resourceDirectory C:\Users\Sarang\Documents\Documents\TTU\Fall 15\SVV\Project\EclipseRepo\DFDLProject\src\test\resources
2015-10-05 23:45:58,727 [Worker-17] INFO  o.e.m.c.i.embedder.EclipseLogger - Using 'UTF-8' encoding to copy filtered resources.
2015-10-05 23:45:58,737 [Worker-17] INFO  o.e.m.c.i.embedder.EclipseLogger - Copying 2 resources
2015-10-05 23:45:58,743 [Worker-17] INFO  o.e.m.c.i.embedder.EclipseLogger - Using 'UTF-8' encoding to copy filtered resources.
2015-10-05 23:45:58,744 [Worker-17] INFO  o.e.m.c.i.embedder.EclipseLogger - skip non existing resourceDirectory C:\Users\Sarang\Documents\Documents\TTU\Fall 15\SVV\Project\EclipseRepo\DFDLProject\src\test\resources
2015-10-05 23:47:17,859 [Worker-22] INFO  o.e.m.c.i.embedder.EclipseLogger - Using 'UTF-8' encoding to copy filtered resources.
2015-10-05 23:47:17,869 [Worker-22] INFO  o.e.m.c.i.embedder.EclipseLogger - Copying 2 resources
2015-10-05 23:47:17,874 [Worker-22] INFO  o.e.m.c.i.embedder.EclipseLogger - Using 'UTF-8' encoding to copy filtered resources.
2015-10-05 23:47:17,875 [Worker-22] INFO  o.e.m.c.i.embedder.EclipseLogger - skip non existing resourceDirectory C:\Users\Sarang\Documents\Documents\TTU\Fall 15\SVV\Project\EclipseRepo\DFDLProject\src\test\resources
2015-10-05 23:49:10,184 [Worker-24] INFO  o.e.m.c.i.embedder.EclipseLogger - Using 'UTF-8' encoding to copy filtered resources.
2015-10-05 23:49:10,193 [Worker-24] INFO  o.e.m.c.i.embedder.EclipseLogger - Copying 2 resources
2015-10-05 23:49:10,198 [Worker-24] INFO  o.e.m.c.i.embedder.EclipseLogger - Using 'UTF-8' encoding to copy filtered resources.
2015-10-05 23:49:10,199 [Worker-24] INFO  o.e.m.c.i.embedder.EclipseLogger - skip non existing resourceDirectory C:\Users\Sarang\Documents\Documents\TTU\Fall 15\SVV\Project\EclipseRepo\DFDLProject\src\test\resources
2015-10-05 23:53:06,517 [Worker-26] INFO  o.e.m.c.i.embedder.EclipseLogger - Using 'UTF-8' encoding to copy filtered resources.
2015-10-05 23:53:06,532 [Worker-26] INFO  o.e.m.c.i.embedder.EclipseLogger - Copying 2 resources
2015-10-05 23:53:06,540 [Worker-26] INFO  o.e.m.c.i.embedder.EclipseLogger - Using 'UTF-8' encoding to copy filtered resources.
2015-10-05 23:53:06,541 [Worker-26] INFO  o.e.m.c.i.embedder.EclipseLogger - skip non existing resourceDirectory C:\Users\Sarang\Documents\Documents\TTU\Fall 15\SVV\Project\EclipseRepo\DFDLProject\src\test\resources
2015-10-05 23:53:18,223 [Worker-20] INFO  o.e.m.c.i.embedder.EclipseLogger - Using 'UTF-8' encoding to copy filtered resources.
2015-10-05 23:53:18,232 [Worker-20] INFO  o.e.m.c.i.embedder.EclipseLogger - Copying 2 resources
2015-10-05 23:53:18,236 [Worker-20] INFO  o.e.m.c.i.embedder.EclipseLogger - Using 'UTF-8' encoding to copy filtered resources.
2015-10-05 23:53:18,237 [Worker-20] INFO  o.e.m.c.i.embedder.EclipseLogger - skip non existing resourceDirectory C:\Users\Sarang\Documents\Documents\TTU\Fall 15\SVV\Project\EclipseRepo\DFDLProject\src\test\resources
2015-10-05 23:53:19,718 [Worker-21] INFO  o.e.m.c.i.embedder.EclipseLogger - Using 'UTF-8' encoding to copy filtered resources.
2015-10-05 23:53:19,728 [Worker-21] INFO  o.e.m.c.i.embedder.EclipseLogger - Copying 2 resources
2015-10-05 23:53:19,737 [Worker-21] INFO  o.e.m.c.i.embedder.EclipseLogger - Using 'UTF-8' encoding to copy filtered resources.
2015-10-05 23:53:19,738 [Worker-21] INFO  o.e.m.c.i.embedder.EclipseLogger - skip non existing resourceDirectory C:\Users\Sarang\Documents\Documents\TTU\Fall 15\SVV\Project\EclipseRepo\DFDLProject\src\test\resources
2015-10-05 23:53:58,561 [Worker-21] INFO  o.e.m.c.i.embedder.EclipseLogger - Using 'UTF-8' encoding to copy filtered resources.
2015-10-05 23:53:58,575 [Worker-21] INFO  o.e.m.c.i.embedder.EclipseLogger - Copying 2 resources
2015-10-05 23:53:58,582 [Worker-21] INFO  o.e.m.c.i.embedder.EclipseLogger - Using 'UTF-8' encoding to copy filtered resources.
2015-10-05 23:53:58,583 [Worker-21] INFO  o.e.m.c.i.embedder.EclipseLogger - skip non existing resourceDirectory C:\Users\Sarang\Documents\Documents\TTU\Fall 15\SVV\Project\EclipseRepo\DFDLProject\src\test\resources
2015-10-05 23:54:09,012 [Worker-28] INFO  o.e.m.c.i.embedder.EclipseLogger - Using 'UTF-8' encoding to copy filtered resources.
2015-10-05 23:54:09,022 [Worker-28] INFO  o.e.m.c.i.embedder.EclipseLogger - Copying 2 resources
2015-10-05 23:54:09,027 [Worker-28] INFO  o.e.m.c.i.embedder.EclipseLogger - Using 'UTF-8' encoding to copy filtered resources.
2015-10-05 23:54:09,028 [Worker-28] INFO  o.e.m.c.i.embedder.EclipseLogger - skip non existing resourceDirectory C:\Users\Sarang\Documents\Documents\TTU\Fall 15\SVV\Project\EclipseRepo\DFDLProject\src\test\resources
2015-10-05 23:54:37,831 [Worker-25] INFO  o.e.m.c.i.embedder.EclipseLogger - Using 'UTF-8' encoding to copy filtered resources.
2015-10-05 23:54:37,842 [Worker-25] INFO  o.e.m.c.i.embedder.EclipseLogger - Copying 2 resources
2015-10-05 23:54:37,847 [Worker-25] INFO  o.e.m.c.i.embedder.EclipseLogger - Using 'UTF-8' encoding to copy filtered resources.
2015-10-05 23:54:37,848 [Worker-25] INFO  o.e.m.c.i.embedder.EclipseLogger - skip non existing resourceDirectory C:\Users\Sarang\Documents\Documents\TTU\Fall 15\SVV\Project\EclipseRepo\DFDLProject\src\test\resources
2015-10-05 23:54:47,009 [Worker-10] INFO  o.e.m.c.i.embedder.EclipseLogger - Using 'UTF-8' encoding to copy filtered resources.
2015-10-05 23:54:47,020 [Worker-10] INFO  o.e.m.c.i.embedder.EclipseLogger - Copying 2 resources
2015-10-05 23:54:47,026 [Worker-10] INFO  o.e.m.c.i.embedder.EclipseLogger - Using 'UTF-8' encoding to copy filtered resources.
2015-10-05 23:54:47,027 [Worker-10] INFO  o.e.m.c.i.embedder.EclipseLogger - skip non existing resourceDirectory C:\Users\Sarang\Documents\Documents\TTU\Fall 15\SVV\Project\EclipseRepo\DFDLProject\src\test\resources
2015-10-05 23:56:01,999 [Worker-19] INFO  o.e.m.c.i.embedder.EclipseLogger - Using 'UTF-8' encoding to copy filtered resources.
2015-10-05 23:56:02,011 [Worker-19] INFO  o.e.m.c.i.embedder.EclipseLogger - Copying 2 resources
2015-10-05 23:56:02,016 [Worker-19] INFO  o.e.m.c.i.embedder.EclipseLogger - Using 'UTF-8' encoding to copy filtered resources.
2015-10-05 23:56:02,017 [Worker-19] INFO  o.e.m.c.i.embedder.EclipseLogger - skip non existing resourceDirectory C:\Users\Sarang\Documents\Documents\TTU\Fall 15\SVV\Project\EclipseRepo\DFDLProject\src\test\resources
2015-10-05 23:57:54,419 [Worker-27] INFO  o.e.m.c.i.embedder.EclipseLogger - Using 'UTF-8' encoding to copy filtered resources.
2015-10-05 23:57:54,432 [Worker-27] INFO  o.e.m.c.i.embedder.EclipseLogger - Copying 2 resources
2015-10-05 23:57:54,440 [Worker-27] INFO  o.e.m.c.i.embedder.EclipseLogger - Using 'UTF-8' encoding to copy filtered resources.
2015-10-05 23:57:54,440 [Worker-27] INFO  o.e.m.c.i.embedder.EclipseLogger - skip non existing resourceDirectory C:\Users\Sarang\Documents\Documents\TTU\Fall 15\SVV\Project\EclipseRepo\DFDLProject\src\test\resources
2015-10-06 00:01:17,723 [Worker-28] INFO  o.e.m.c.i.embedder.EclipseLogger - Using 'UTF-8' encoding to copy filtered resources.
2015-10-06 00:01:17,734 [Worker-28] INFO  o.e.m.c.i.embedder.EclipseLogger - Copying 2 resources
2015-10-06 00:01:17,738 [Worker-28] INFO  o.e.m.c.i.embedder.EclipseLogger - Using 'UTF-8' encoding to copy filtered resources.
2015-10-06 00:01:17,739 [Worker-28] INFO  o.e.m.c.i.embedder.EclipseLogger - skip non existing resourceDirectory C:\Users\Sarang\Documents\Documents\TTU\Fall 15\SVV\Project\EclipseRepo\DFDLProject\src\test\resources
2015-10-06 00:01:33,211 [Worker-25] INFO  o.e.m.c.i.embedder.EclipseLogger - Using 'UTF-8' encoding to copy filtered resources.
2015-10-06 00:01:33,221 [Worker-25] INFO  o.e.m.c.i.embedder.EclipseLogger - Copying 2 resources
2015-10-06 00:01:33,227 [Worker-25] INFO  o.e.m.c.i.embedder.EclipseLogger - Using 'UTF-8' encoding to copy filtered resources.
2015-10-06 00:01:33,228 [Worker-25] INFO  o.e.m.c.i.embedder.EclipseLogger - skip non existing resourceDirectory C:\Users\Sarang\Documents\Documents\TTU\Fall 15\SVV\Project\EclipseRepo\DFDLProject\src\test\resources
2015-10-06 00:01:38,232 [Worker-26] INFO  o.e.m.c.i.embedder.EclipseLogger - Using 'UTF-8' encoding to copy filtered resources.
2015-10-06 00:01:38,247 [Worker-26] INFO  o.e.m.c.i.embedder.EclipseLogger - Copying 2 resources
2015-10-06 00:01:38,255 [Worker-26] INFO  o.e.m.c.i.embedder.EclipseLogger - Using 'UTF-8' encoding to copy filtered resources.
2015-10-06 00:01:38,256 [Worker-26] INFO  o.e.m.c.i.embedder.EclipseLogger - skip non existing resourceDirectory C:\Users\Sarang\Documents\Documents\TTU\Fall 15\SVV\Project\EclipseRepo\DFDLProject\src\test\resources
2015-10-06 00:02:53,554 [Worker-32] INFO  o.e.m.c.i.embedder.EclipseLogger - Using 'UTF-8' encoding to copy filtered resources.
2015-10-06 00:02:53,571 [Worker-32] INFO  o.e.m.c.i.embedder.EclipseLogger - Copying 2 resources
2015-10-06 00:02:53,581 [Worker-32] INFO  o.e.m.c.i.embedder.EclipseLogger - Using 'UTF-8' encoding to copy filtered resources.
2015-10-06 00:02:53,582 [Worker-32] INFO  o.e.m.c.i.embedder.EclipseLogger - skip non existing resourceDirectory C:\Users\Sarang\Documents\Documents\TTU\Fall 15\SVV\Project\EclipseRepo\DFDLProject\src\test\resources
2015-10-06 00:03:13,253 [Worker-29] INFO  o.e.m.c.i.embedder.EclipseLogger - Using 'UTF-8' encoding to copy filtered resources.
2015-10-06 00:03:13,263 [Worker-29] INFO  o.e.m.c.i.embedder.EclipseLogger - Copying 2 resources
2015-10-06 00:03:13,268 [Worker-29] INFO  o.e.m.c.i.embedder.EclipseLogger - Using 'UTF-8' encoding to copy filtered resources.
2015-10-06 00:03:13,269 [Worker-29] INFO  o.e.m.c.i.embedder.EclipseLogger - skip non existing resourceDirectory C:\Users\Sarang\Documents\Documents\TTU\Fall 15\SVV\Project\EclipseRepo\DFDLProject\src\test\resources
2015-10-06 00:03:31,321 [Worker-31] INFO  o.e.m.c.i.embedder.EclipseLogger - Using 'UTF-8' encoding to copy filtered resources.
2015-10-06 00:03:31,331 [Worker-31] INFO  o.e.m.c.i.embedder.EclipseLogger - Copying 2 resources
2015-10-06 00:03:31,336 [Worker-31] INFO  o.e.m.c.i.embedder.EclipseLogger - Using 'UTF-8' encoding to copy filtered resources.
2015-10-06 00:03:31,336 [Worker-31] INFO  o.e.m.c.i.embedder.EclipseLogger - skip non existing resourceDirectory C:\Users\Sarang\Documents\Documents\TTU\Fall 15\SVV\Project\EclipseRepo\DFDLProject\src\test\resources
2015-10-06 00:04:22,314 [Worker-28] INFO  o.e.m.c.i.embedder.EclipseLogger - Using 'UTF-8' encoding to copy filtered resources.
2015-10-06 00:04:22,323 [Worker-28] INFO  o.e.m.c.i.embedder.EclipseLogger - Copying 2 resources
2015-10-06 00:04:22,327 [Worker-28] INFO  o.e.m.c.i.embedder.EclipseLogger - Using 'UTF-8' encoding to copy filtered resources.
2015-10-06 00:04:22,328 [Worker-28] INFO  o.e.m.c.i.embedder.EclipseLogger - skip non existing resourceDirectory C:\Users\Sarang\Documents\Documents\TTU\Fall 15\SVV\Project\EclipseRepo\DFDLProject\src\test\resources
2015-10-06 00:04:27,982 [Worker-26] INFO  o.e.m.c.i.embedder.EclipseLogger - Using 'UTF-8' encoding to copy filtered resources.
2015-10-06 00:04:27,995 [Worker-26] INFO  o.e.m.c.i.embedder.EclipseLogger - Copying 2 resources
2015-10-06 00:04:28,002 [Worker-26] INFO  o.e.m.c.i.embedder.EclipseLogger - Using 'UTF-8' encoding to copy filtered resources.
2015-10-06 00:04:28,002 [Worker-26] INFO  o.e.m.c.i.embedder.EclipseLogger - skip non existing resourceDirectory C:\Users\Sarang\Documents\Documents\TTU\Fall 15\SVV\Project\EclipseRepo\DFDLProject\src\test\resources
2015-10-06 00:05:37,828 [Worker-32] INFO  o.e.m.c.i.embedder.EclipseLogger - Using 'UTF-8' encoding to copy filtered resources.
2015-10-06 00:05:37,841 [Worker-32] INFO  o.e.m.c.i.embedder.EclipseLogger - Copying 2 resources
2015-10-06 00:05:37,847 [Worker-32] INFO  o.e.m.c.i.embedder.EclipseLogger - Using 'UTF-8' encoding to copy filtered resources.
2015-10-06 00:05:37,848 [Worker-32] INFO  o.e.m.c.i.embedder.EclipseLogger - skip non existing resourceDirectory C:\Users\Sarang\Documents\Documents\TTU\Fall 15\SVV\Project\EclipseRepo\DFDLProject\src\test\resources
2015-10-06 00:06:08,011 [Worker-31] INFO  o.e.m.c.i.embedder.EclipseLogger - Using 'UTF-8' encoding to copy filtered resources.
2015-10-06 00:06:08,024 [Worker-31] INFO  o.e.m.c.i.embedder.EclipseLogger - Copying 2 resources
2015-10-06 00:06:08,032 [Worker-31] INFO  o.e.m.c.i.embedder.EclipseLogger - Using 'UTF-8' encoding to copy filtered resources.
2015-10-06 00:06:08,032 [Worker-31] INFO  o.e.m.c.i.embedder.EclipseLogger - skip non existing resourceDirectory C:\Users\Sarang\Documents\Documents\TTU\Fall 15\SVV\Project\EclipseRepo\DFDLProject\src\test\resources
2015-10-06 00:06:11,420 [Worker-21] INFO  o.e.m.c.i.embedder.EclipseLogger - Using 'UTF-8' encoding to copy filtered resources.
2015-10-06 00:06:11,432 [Worker-21] INFO  o.e.m.c.i.embedder.EclipseLogger - Copying 2 resources
2015-10-06 00:06:11,437 [Worker-21] INFO  o.e.m.c.i.embedder.EclipseLogger - Using 'UTF-8' encoding to copy filtered resources.
2015-10-06 00:06:11,438 [Worker-21] INFO  o.e.m.c.i.embedder.EclipseLogger - skip non existing resourceDirectory C:\Users\Sarang\Documents\Documents\TTU\Fall 15\SVV\Project\EclipseRepo\DFDLProject\src\test\resources
2015-10-06 00:06:49,041 [Worker-21] INFO  o.e.m.c.i.embedder.EclipseLogger - Using 'UTF-8' encoding to copy filtered resources.
2015-10-06 00:06:49,055 [Worker-21] INFO  o.e.m.c.i.embedder.EclipseLogger - Copying 2 resources
2015-10-06 00:06:49,063 [Worker-21] INFO  o.e.m.c.i.embedder.EclipseLogger - Using 'UTF-8' encoding to copy filtered resources.
2015-10-06 00:06:49,063 [Worker-21] INFO  o.e.m.c.i.embedder.EclipseLogger - skip non existing resourceDirectory C:\Users\Sarang\Documents\Documents\TTU\Fall 15\SVV\Project\EclipseRepo\DFDLProject\src\test\resources
2015-10-06 00:07:33,485 [Worker-32] INFO  o.e.m.c.i.embedder.EclipseLogger - Using 'UTF-8' encoding to copy filtered resources.
2015-10-06 00:07:33,495 [Worker-32] INFO  o.e.m.c.i.embedder.EclipseLogger - Copying 2 resources
2015-10-06 00:07:33,499 [Worker-32] INFO  o.e.m.c.i.embedder.EclipseLogger - Using 'UTF-8' encoding to copy filtered resources.
2015-10-06 00:07:33,500 [Worker-32] INFO  o.e.m.c.i.embedder.EclipseLogger - skip non existing resourceDirectory C:\Users\Sarang\Documents\Documents\TTU\Fall 15\SVV\Project\EclipseRepo\DFDLProject\src\test\resources
2015-10-06 00:08:48,843 [Worker-21] INFO  o.e.m.c.i.embedder.EclipseLogger - Using 'UTF-8' encoding to copy filtered resources.
2015-10-06 00:08:48,853 [Worker-21] INFO  o.e.m.c.i.embedder.EclipseLogger - Copying 2 resources
2015-10-06 00:08:48,858 [Worker-21] INFO  o.e.m.c.i.embedder.EclipseLogger - Using 'UTF-8' encoding to copy filtered resources.
2015-10-06 00:08:48,859 [Worker-21] INFO  o.e.m.c.i.embedder.EclipseLogger - skip non existing resourceDirectory C:\Users\Sarang\Documents\Documents\TTU\Fall 15\SVV\Project\EclipseRepo\DFDLProject\src\test\resources
2015-10-06 00:09:00,379 [Worker-29] INFO  o.e.m.c.i.embedder.EclipseLogger - Using 'UTF-8' encoding to copy filtered resources.
2015-10-06 00:09:00,392 [Worker-29] INFO  o.e.m.c.i.embedder.EclipseLogger - Copying 2 resources
2015-10-06 00:09:00,399 [Worker-29] INFO  o.e.m.c.i.embedder.EclipseLogger - Using 'UTF-8' encoding to copy filtered resources.
2015-10-06 00:09:00,400 [Worker-29] INFO  o.e.m.c.i.embedder.EclipseLogger - skip non existing resourceDirectory C:\Users\Sarang\Documents\Documents\TTU\Fall 15\SVV\Project\EclipseRepo\DFDLProject\src\test\resources
2015-10-06 00:09:07,726 [Worker-32] INFO  o.e.m.c.i.embedder.EclipseLogger - Using 'UTF-8' encoding to copy filtered resources.
2015-10-06 00:09:07,741 [Worker-32] INFO  o.e.m.c.i.embedder.EclipseLogger - Copying 2 resources
2015-10-06 00:09:07,748 [Worker-32] INFO  o.e.m.c.i.embedder.EclipseLogger - Using 'UTF-8' encoding to copy filtered resources.
2015-10-06 00:09:07,749 [Worker-32] INFO  o.e.m.c.i.embedder.EclipseLogger - skip non existing resourceDirectory C:\Users\Sarang\Documents\Documents\TTU\Fall 15\SVV\Project\EclipseRepo\DFDLProject\src\test\resources
2015-10-06 00:09:57,338 [Worker-28] INFO  o.e.m.c.i.embedder.EclipseLogger - Using 'UTF-8' encoding to copy filtered resources.
2015-10-06 00:09:57,350 [Worker-28] INFO  o.e.m.c.i.embedder.EclipseLogger - Copying 2 resources
2015-10-06 00:09:57,355 [Worker-28] INFO  o.e.m.c.i.embedder.EclipseLogger - Using 'UTF-8' encoding to copy filtered resources.
2015-10-06 00:09:57,355 [Worker-28] INFO  o.e.m.c.i.embedder.EclipseLogger - skip non existing resourceDirectory C:\Users\Sarang\Documents\Documents\TTU\Fall 15\SVV\Project\EclipseRepo\DFDLProject\src\test\resources
2015-10-06 00:10:02,658 [Worker-20] INFO  o.e.m.c.i.embedder.EclipseLogger - Using 'UTF-8' encoding to copy filtered resources.
2015-10-06 00:10:02,673 [Worker-20] INFO  o.e.m.c.i.embedder.EclipseLogger - Copying 2 resources
2015-10-06 00:10:02,681 [Worker-20] INFO  o.e.m.c.i.embedder.EclipseLogger - Using 'UTF-8' encoding to copy filtered resources.
2015-10-06 00:10:02,682 [Worker-20] INFO  o.e.m.c.i.embedder.EclipseLogger - skip non existing resourceDirectory C:\Users\Sarang\Documents\Documents\TTU\Fall 15\SVV\Project\EclipseRepo\DFDLProject\src\test\resources
2015-10-06 00:10:08,283 [Worker-26] INFO  o.e.m.c.i.embedder.EclipseLogger - Using 'UTF-8' encoding to copy filtered resources.
2015-10-06 00:10:08,298 [Worker-26] INFO  o.e.m.c.i.embedder.EclipseLogger - Copying 2 resources
2015-10-06 00:10:08,305 [Worker-26] INFO  o.e.m.c.i.embedder.EclipseLogger - Using 'UTF-8' encoding to copy filtered resources.
2015-10-06 00:10:08,306 [Worker-26] INFO  o.e.m.c.i.embedder.EclipseLogger - skip non existing resourceDirectory C:\Users\Sarang\Documents\Documents\TTU\Fall 15\SVV\Project\EclipseRepo\DFDLProject\src\test\resources
2015-10-06 00:10:11,335 [Worker-28] INFO  o.e.m.c.i.embedder.EclipseLogger - Using 'UTF-8' encoding to copy filtered resources.
2015-10-06 00:10:11,344 [Worker-28] INFO  o.e.m.c.i.embedder.EclipseLogger - Copying 2 resources
2015-10-06 00:10:11,349 [Worker-28] INFO  o.e.m.c.i.embedder.EclipseLogger - Using 'UTF-8' encoding to copy filtered resources.
2015-10-06 00:10:11,350 [Worker-28] INFO  o.e.m.c.i.embedder.EclipseLogger - skip non existing resourceDirectory C:\Users\Sarang\Documents\Documents\TTU\Fall 15\SVV\Project\EclipseRepo\DFDLProject\src\test\resources
2015-10-06 00:11:19,752 [Worker-31] INFO  o.e.m.c.i.embedder.EclipseLogger - Using 'UTF-8' encoding to copy filtered resources.
2015-10-06 00:11:19,766 [Worker-31] INFO  o.e.m.c.i.embedder.EclipseLogger - Copying 2 resources
2015-10-06 00:11:19,773 [Worker-31] INFO  o.e.m.c.i.embedder.EclipseLogger - Using 'UTF-8' encoding to copy filtered resources.
2015-10-06 00:11:19,774 [Worker-31] INFO  o.e.m.c.i.embedder.EclipseLogger - skip non existing resourceDirectory C:\Users\Sarang\Documents\Documents\TTU\Fall 15\SVV\Project\EclipseRepo\DFDLProject\src\test\resources
2015-10-06 00:11:55,993 [Worker-21] INFO  o.e.m.c.i.embedder.EclipseLogger - Using 'UTF-8' encoding to copy filtered resources.
2015-10-06 00:11:56,003 [Worker-21] INFO  o.e.m.c.i.embedder.EclipseLogger - Copying 2 resources
2015-10-06 00:11:56,008 [Worker-21] INFO  o.e.m.c.i.embedder.EclipseLogger - Using 'UTF-8' encoding to copy filtered resources.
2015-10-06 00:11:56,008 [Worker-21] INFO  o.e.m.c.i.embedder.EclipseLogger - skip non existing resourceDirectory C:\Users\Sarang\Documents\Documents\TTU\Fall 15\SVV\Project\EclipseRepo\DFDLProject\src\test\resources
